-------------------------------------------------------------------------------
Test set: TestSuite
-------------------------------------------------------------------------------
Tests run: 2, Failures: 1, Errors: 0, Skipped: 0, Time elapsed: 0.504 s <<< FAILURE! - in TestSuite
setup(com.maven1.BaseClass)  Time elapsed: 0.03 s  <<< FAILURE!
java.lang.NoClassDefFoundError: com/google/common/collect/ImmutableMap
	at com.maven1.BaseClass.setup(BaseClass.java:13)
Caused by: java.lang.ClassNotFoundException: com.google.common.collect.ImmutableMap
	at com.maven1.BaseClass.setup(BaseClass.java:13)

